<?xml version="1.0" encoding="UTF-8"?>
<testsuite xmlns:xsi="http://www.w3.org/2001/XMLSchema-instance" xsi:noNamespaceSchemaLocation="https://maven.apache.org/surefire/maven-surefire-plugin/xsd/surefire-test-report-3.0.xsd" version="3.0" name="com.example.dto.users.UserShortResponseDtoTest" time="0.405" tests="7" errors="0" skipped="0" failures="0">
  <properties>
[...]
</properties>
  <testcase name="invalidId(Long)[1]" classname="com.example.dto.users.UserShortResponseDtoTest" time="0.305">
    <system-out><![CDATA[18:53:03.424 [main] INFO org.hibernate.validator.internal.util.Version -- HV000001: Hibernate Validator 8.0.1.Final
]]></system-out>
  </testcase>
  <testcase name="invalidId(Long)[2]" classname="com.example.dto.users.UserShortResponseDtoTest" time="0.012"/>
  <testcase name="invalidId(Long)[3]" classname="com.example.dto.users.UserShortResponseDtoTest" time="0.009"/>
  <testcase name="invalidTextFields(String)[1]" classname="com.example.dto.users.UserShortResponseDtoTest" time="0.012"/>
  <testcase name="invalidTextFields(String)[2]" classname="com.example.dto.users.UserShortResponseDtoTest" time="0.01"/>
  <testcase name="invalidTextFields(String)[3]" classname="com.example.dto.users.UserShortResponseDtoTest" time="0.012"/>
  <testcase name="shouldPass" classname="com.example.dto.users.UserShortResponseDtoTest" time="0.007"/>
</testsuite>